<?xml version="1.0" encoding="UTF-8"?>
<!-- Generated by org.testng.reporters.JUnitReportReporter -->
<testsuite skipped="0" hostname="D0055" name="runner.KDETest" tests="1" failures="0" timestamp="09 May 2018 07:49:44 GMT" time="13.037" errors="0">
  <testcase name="ff" time="13.037" classname="runner.KDETest"/>
</testsuite> <!-- runner.KDETest -->
