<?xml version="1.0" encoding="UTF-8"?>
<!-- Generated by org.testng.reporters.JUnitReportReporter -->
<testsuite skipped="0" hostname="CHEQD0152" name="KDETest" tests="1" failures="0" timestamp="21 Sep 2017 09:46:10 GMT" time="49.238" errors="0">
  <testcase name="ff" time="49.238" classname="KDETest"/>
</testsuite> <!-- KDETest -->
