<?xml version="1.0" encoding="UTF-8"?>
<!-- Generated by org.testng.reporters.JUnitReportReporter -->
<testsuite skipped="0" hostname="D0055" name="runner.KDETest" tests="1" failures="0" timestamp="08 May 2018 10:25:01 GMT" time="682.692" errors="0">
  <testcase name="ff" time="682.692" classname="runner.KDETest"/>
</testsuite> <!-- runner.KDETest -->
